<?xml version="1.0" encoding="UTF-8"?>
<!-- Generated by org.testng.reporters.JUnitReportReporter -->
<testsuite hostname="LAPTOP-TPJ9JO57" failures="0" tests="1" name="TestNG.Parallel2Class" time="15.549" errors="0" timestamp="2022-07-19T17:53:01 IST" skipped="0">
  <testcase classname="TestNG.Parallel2Class" name="FacebookLaunch" time="15.549"/>
  <system-out>
    <![CDATA[Facebook Launch]]>
  </system-out>
</testsuite> <!-- TestNG.Parallel2Class -->
