<?xml version="1.0" encoding="UTF-8"?>
<!-- Generated by org.testng.reporters.JUnitReportReporter -->
<testsuite hostname="LAPTOP-TPJ9JO57" failures="0" tests="1" name="TestNG.Parallel1Class$Parallel1" time="15.847" errors="0" timestamp="2022-07-19T17:53:01 IST" skipped="0">
  <testcase classname="TestNG.Parallel1Class$Parallel1" name="KiteLogin" time="15.847"/>
  <system-out>
    <![CDATA[KiteLaunched]]>
  </system-out>
</testsuite> <!-- TestNG.Parallel1Class$Parallel1 -->
