<?xml version="1.0" encoding="UTF-8"?>
<!-- Generated by org.testng.reporters.JUnitReportReporter -->
<testsuite hostname="LAPTOP-TPJ9JO57" failures="0" tests="1" name="TestNG.Parallel3Class" time="26.362" errors="0" timestamp="2022-07-19T17:53:01 IST" skipped="0">
  <testcase classname="TestNG.Parallel3Class" name="VCTCLaunch" time="26.362"/>
  <system-out>
    <![CDATA[VCTC Launche]]>
  </system-out>
</testsuite> <!-- TestNG.Parallel3Class -->
